[2026-01-30T01:22:40.715+0000] {local_task_job_runner.py:120} INFO - ::group::Pre task execution logs
[2026-01-30T01:22:40.727+0000] {taskinstance.py:2076} INFO - Dependencies all met for dep_context=non-requeueable deps ti=<TaskInstance: api_to_s3_crypto.load_to_snowflake manual__2026-01-30T01:22:34.872260+00:00 [queued]>
[2026-01-30T01:22:40.732+0000] {taskinstance.py:2076} INFO - Dependencies all met for dep_context=requeueable deps ti=<TaskInstance: api_to_s3_crypto.load_to_snowflake manual__2026-01-30T01:22:34.872260+00:00 [queued]>
[2026-01-30T01:22:40.732+0000] {taskinstance.py:2306} INFO - Starting attempt 1 of 1
[2026-01-30T01:22:40.740+0000] {taskinstance.py:2330} INFO - Executing <Task(SnowflakeOperator): load_to_snowflake> on 2026-01-30 01:22:34.872260+00:00
[2026-01-30T01:22:40.749+0000] {logging_mixin.py:188} WARNING - /home/***/.local/lib/python3.12/site-packages/***/task/task_runner/standard_task_runner.py:62 DeprecationWarning: This process (pid=962) is multi-threaded, use of fork() may lead to deadlocks in the child.
[2026-01-30T01:22:40.750+0000] {standard_task_runner.py:64} INFO - Started process 965 to run task
[2026-01-30T01:22:40.749+0000] {standard_task_runner.py:90} INFO - Running: ['***', 'tasks', 'run', 'api_to_s3_crypto', 'load_to_snowflake', 'manual__2026-01-30T01:22:34.872260+00:00', '--job-id', '18', '--raw', '--subdir', 'DAGS_FOLDER/api_to_s3.py', '--cfg-path', '/tmp/tmpuyd8mrfb']
[2026-01-30T01:22:40.751+0000] {standard_task_runner.py:91} INFO - Job 18: Subtask load_to_snowflake
[2026-01-30T01:22:40.804+0000] {task_command.py:426} INFO - Running <TaskInstance: api_to_s3_crypto.load_to_snowflake manual__2026-01-30T01:22:34.872260+00:00 [running]> on host a85302d486cd
[2026-01-30T01:22:40.844+0000] {abstractoperator.py:725} ERROR - Exception rendering Jinja template for task 'load_to_snowflake', field 'sql'. Template: '/opt/***/dags/sql/Crypto-etl.sql'
Traceback (most recent call last):
  File "/home/airflow/.local/lib/python3.12/site-packages/airflow/models/abstractoperator.py", line 717, in _do_render_template_fields
    rendered_content = self.render_template(
                       ^^^^^^^^^^^^^^^^^^^^^
  File "/home/airflow/.local/lib/python3.12/site-packages/airflow/template/templater.py", line 166, in render_template
    template = jinja_env.get_template(value)
               ^^^^^^^^^^^^^^^^^^^^^^^^^^^^^
  File "/home/airflow/.local/lib/python3.12/site-packages/jinja2/environment.py", line 1013, in get_template
    return self._load_template(name, globals)
           ^^^^^^^^^^^^^^^^^^^^^^^^^^^^^^^^^^
  File "/home/airflow/.local/lib/python3.12/site-packages/jinja2/environment.py", line 972, in _load_template
    template = self.loader.load(self, name, self.make_globals(globals))
               ^^^^^^^^^^^^^^^^^^^^^^^^^^^^^^^^^^^^^^^^^^^^^^^^^^^^^^^^
  File "/home/airflow/.local/lib/python3.12/site-packages/jinja2/loaders.py", line 126, in load
    source, filename, uptodate = self.get_source(environment, name)
                                 ^^^^^^^^^^^^^^^^^^^^^^^^^^^^^^^^^^
  File "/home/airflow/.local/lib/python3.12/site-packages/jinja2/loaders.py", line 207, in get_source
    raise TemplateNotFound(template)
jinja2.exceptions.TemplateNotFound: /opt/airflow/dags/sql/Crypto-etl.sql
[2026-01-30T01:22:40.847+0000] {taskinstance.py:2905} ERROR - Task failed with exception
Traceback (most recent call last):
  File "/home/airflow/.local/lib/python3.12/site-packages/airflow/models/taskinstance.py", line 2479, in _run_raw_task
    self._execute_task_with_callbacks(context, test_mode, session=session)
  File "/home/airflow/.local/lib/python3.12/site-packages/airflow/models/taskinstance.py", line 2633, in _execute_task_with_callbacks
    task_orig = self.render_templates(context=context, jinja_env=jinja_env)
                ^^^^^^^^^^^^^^^^^^^^^^^^^^^^^^^^^^^^^^^^^^^^^^^^^^^^^^^^^^^
  File "/home/airflow/.local/lib/python3.12/site-packages/airflow/models/taskinstance.py", line 3094, in render_templates
    original_task.render_template_fields(context, jinja_env)
  File "/home/airflow/.local/lib/python3.12/site-packages/airflow/models/baseoperator.py", line 1337, in render_template_fields
    self._do_render_template_fields(self, self.template_fields, context, jinja_env, set())
  File "/home/airflow/.local/lib/python3.12/site-packages/airflow/models/abstractoperator.py", line 717, in _do_render_template_fields
    rendered_content = self.render_template(
                       ^^^^^^^^^^^^^^^^^^^^^
  File "/home/airflow/.local/lib/python3.12/site-packages/airflow/template/templater.py", line 166, in render_template
    template = jinja_env.get_template(value)
               ^^^^^^^^^^^^^^^^^^^^^^^^^^^^^
  File "/home/airflow/.local/lib/python3.12/site-packages/jinja2/environment.py", line 1013, in get_template
    return self._load_template(name, globals)
           ^^^^^^^^^^^^^^^^^^^^^^^^^^^^^^^^^^
  File "/home/airflow/.local/lib/python3.12/site-packages/jinja2/environment.py", line 972, in _load_template
    template = self.loader.load(self, name, self.make_globals(globals))
               ^^^^^^^^^^^^^^^^^^^^^^^^^^^^^^^^^^^^^^^^^^^^^^^^^^^^^^^^
  File "/home/airflow/.local/lib/python3.12/site-packages/jinja2/loaders.py", line 126, in load
    source, filename, uptodate = self.get_source(environment, name)
                                 ^^^^^^^^^^^^^^^^^^^^^^^^^^^^^^^^^^
  File "/home/airflow/.local/lib/python3.12/site-packages/jinja2/loaders.py", line 207, in get_source
    raise TemplateNotFound(template)
jinja2.exceptions.TemplateNotFound: /opt/airflow/dags/sql/Crypto-etl.sql
[2026-01-30T01:22:40.856+0000] {taskinstance.py:1206} INFO - Marking task as FAILED. dag_id=api_to_s3_crypto, task_id=load_to_snowflake, run_id=manual__2026-01-30T01:22:34.872260+00:00, execution_date=20260130T012234, start_date=20260130T012240, end_date=20260130T012240
[2026-01-30T01:22:40.863+0000] {standard_task_runner.py:110} ERROR - Failed to execute job 18 for task load_to_snowflake (/opt/airflow/dags/sql/Crypto-etl.sql; 965)
[2026-01-30T01:22:40.884+0000] {local_task_job_runner.py:243} INFO - Task exited with return code 1
[2026-01-30T01:22:40.896+0000] {taskinstance.py:3503} INFO - 0 downstream tasks scheduled from follow-on schedule check
[2026-01-30T01:22:40.899+0000] {local_task_job_runner.py:222} INFO - ::endgroup::
