[2026-01-30T05:41:09.734+0000] {local_task_job_runner.py:120} INFO - ::group::Pre task execution logs
[2026-01-30T05:41:09.753+0000] {taskinstance.py:2076} INFO - Dependencies all met for dep_context=non-requeueable deps ti=<TaskInstance: api_to_s3_crypto.load_to_snowflake manual__2026-01-30T05:41:00.441941+00:00 [queued]>
[2026-01-30T05:41:09.760+0000] {taskinstance.py:2076} INFO - Dependencies all met for dep_context=requeueable deps ti=<TaskInstance: api_to_s3_crypto.load_to_snowflake manual__2026-01-30T05:41:00.441941+00:00 [queued]>
[2026-01-30T05:41:09.761+0000] {taskinstance.py:2306} INFO - Starting attempt 1 of 1
[2026-01-30T05:41:09.775+0000] {taskinstance.py:2330} INFO - Executing <Task(SnowflakeOperator): load_to_snowflake> on 2026-01-30 05:41:00.441941+00:00
[2026-01-30T05:41:09.787+0000] {logging_mixin.py:188} WARNING - /home/***/.local/lib/python3.12/site-packages/***/task/task_runner/standard_task_runner.py:62 DeprecationWarning: This process (pid=2890) is multi-threaded, use of fork() may lead to deadlocks in the child.
[2026-01-30T05:41:09.786+0000] {standard_task_runner.py:90} INFO - Running: ['***', 'tasks', 'run', 'api_to_s3_crypto', 'load_to_snowflake', 'manual__2026-01-30T05:41:00.441941+00:00', '--job-id', '89', '--raw', '--subdir', 'DAGS_FOLDER/api_to_s3.py', '--cfg-path', '/tmp/tmp2t55xs43']
[2026-01-30T05:41:09.789+0000] {standard_task_runner.py:64} INFO - Started process 2893 to run task
[2026-01-30T05:41:09.790+0000] {standard_task_runner.py:91} INFO - Job 89: Subtask load_to_snowflake
[2026-01-30T05:41:09.863+0000] {task_command.py:426} INFO - Running <TaskInstance: api_to_s3_crypto.load_to_snowflake manual__2026-01-30T05:41:00.441941+00:00 [running]> on host 873606956bc0
[2026-01-30T05:41:09.960+0000] {taskinstance.py:2648} INFO - Exporting env vars: AIRFLOW_CTX_DAG_OWNER='***' AIRFLOW_CTX_DAG_ID='api_to_s3_crypto' AIRFLOW_CTX_TASK_ID='load_to_snowflake' AIRFLOW_CTX_EXECUTION_DATE='2026-01-30T05:41:00.441941+00:00' AIRFLOW_CTX_TRY_NUMBER='1' AIRFLOW_CTX_DAG_RUN_ID='manual__2026-01-30T05:41:00.441941+00:00'
[2026-01-30T05:41:09.962+0000] {taskinstance.py:430} INFO - ::endgroup::
[2026-01-30T05:41:09.977+0000] {sql.py:282} INFO - Executing: /opt/airflow/dags/sql/Crypto-etl.sql
[2026-01-30T05:41:09.989+0000] {base.py:84} INFO - Using connection ID 'snowflake_default' for task execution.
[2026-01-30T05:41:10.001+0000] {base.py:84} INFO - Using connection ID 'snowflake_default' for task execution.
[2026-01-30T05:41:10.002+0000] {connection.py:408} INFO - Snowflake Connector for Python Version: 3.11.0, Python Version: 3.12.4, Platform: Linux-6.6.87.2-microsoft-standard-WSL2-x86_64-with-glibc2.36
[2026-01-30T05:41:10.004+0000] {connection.py:1258} INFO - This connection is in OCSP Fail Open Mode. TLS Certificates would be checked for validity and revocation status. Any other Certificate Revocation related exceptions or OCSP Responder failures would be disregarded in favor of connectivity.
[2026-01-30T05:41:10.827+0000] {cursor.py:1149} INFO - Number of results in first chunk: 1
[2026-01-30T05:41:10.828+0000] {connection.py:773} INFO - closed
[2026-01-30T05:41:10.893+0000] {connection.py:779} INFO - No async queries seem to be running, deleting session
[2026-01-30T05:41:10.960+0000] {taskinstance.py:441} INFO - ::group::Post task execution logs
[2026-01-30T05:41:10.962+0000] {taskinstance.py:2905} ERROR - Task failed with exception
Traceback (most recent call last):
  File "/home/airflow/.local/lib/python3.12/site-packages/airflow/models/taskinstance.py", line 465, in _execute_task
    result = _execute_callable(context=context, **execute_callable_kwargs)
             ^^^^^^^^^^^^^^^^^^^^^^^^^^^^^^^^^^^^^^^^^^^^^^^^^^^^^^^^^^^^^
  File "/home/airflow/.local/lib/python3.12/site-packages/airflow/models/taskinstance.py", line 432, in _execute_callable
    return execute_callable(context=context, **execute_callable_kwargs)
           ^^^^^^^^^^^^^^^^^^^^^^^^^^^^^^^^^^^^^^^^^^^^^^^^^^^^^^^^^^^^
  File "/home/airflow/.local/lib/python3.12/site-packages/airflow/models/baseoperator.py", line 401, in wrapper
    return func(self, *args, **kwargs)
           ^^^^^^^^^^^^^^^^^^^^^^^^^^^
  File "/home/airflow/.local/lib/python3.12/site-packages/airflow/providers/common/sql/operators/sql.py", line 288, in execute
    output = hook.run(
             ^^^^^^^^^
  File "/home/airflow/.local/lib/python3.12/site-packages/airflow/providers/snowflake/hooks/snowflake.py", line 409, in run
    for sql_statement in sql_list:
TypeError: 'PosixPath' object is not iterable
[2026-01-30T05:41:10.984+0000] {taskinstance.py:1206} INFO - Marking task as FAILED. dag_id=api_to_s3_crypto, task_id=load_to_snowflake, run_id=manual__2026-01-30T05:41:00.441941+00:00, execution_date=20260130T054100, start_date=20260130T054109, end_date=20260130T054110
[2026-01-30T05:41:10.998+0000] {standard_task_runner.py:110} ERROR - Failed to execute job 89 for task load_to_snowflake ('PosixPath' object is not iterable; 2893)
[2026-01-30T05:41:11.050+0000] {local_task_job_runner.py:243} INFO - Task exited with return code 1
[2026-01-30T05:41:11.070+0000] {taskinstance.py:3503} INFO - 0 downstream tasks scheduled from follow-on schedule check
[2026-01-30T05:41:11.073+0000] {local_task_job_runner.py:222} INFO - ::endgroup::
