[2026-01-30T03:39:52.741+0000] {local_task_job_runner.py:120} INFO - ::group::Pre task execution logs
[2026-01-30T03:39:52.755+0000] {taskinstance.py:2076} INFO - Dependencies all met for dep_context=non-requeueable deps ti=<TaskInstance: api_to_s3_crypto.load_to_snowflake manual__2026-01-30T03:39:46.021705+00:00 [queued]>
[2026-01-30T03:39:52.762+0000] {taskinstance.py:2076} INFO - Dependencies all met for dep_context=requeueable deps ti=<TaskInstance: api_to_s3_crypto.load_to_snowflake manual__2026-01-30T03:39:46.021705+00:00 [queued]>
[2026-01-30T03:39:52.763+0000] {taskinstance.py:2306} INFO - Starting attempt 1 of 1
[2026-01-30T03:39:52.771+0000] {taskinstance.py:2330} INFO - Executing <Task(SnowflakeOperator): load_to_snowflake> on 2026-01-30 03:39:46.021705+00:00
[2026-01-30T03:39:52.780+0000] {logging_mixin.py:188} WARNING - /home/***/.local/lib/python3.12/site-packages/***/task/task_runner/standard_task_runner.py:62 DeprecationWarning: This process (pid=1510) is multi-threaded, use of fork() may lead to deadlocks in the child.
[2026-01-30T03:39:52.782+0000] {standard_task_runner.py:64} INFO - Started process 1513 to run task
[2026-01-30T03:39:52.780+0000] {standard_task_runner.py:90} INFO - Running: ['***', 'tasks', 'run', 'api_to_s3_crypto', 'load_to_snowflake', 'manual__2026-01-30T03:39:46.021705+00:00', '--job-id', '49', '--raw', '--subdir', 'DAGS_FOLDER/api_to_s3.py', '--cfg-path', '/tmp/tmphjg99wj3']
[2026-01-30T03:39:52.783+0000] {standard_task_runner.py:91} INFO - Job 49: Subtask load_to_snowflake
[2026-01-30T03:39:52.842+0000] {task_command.py:426} INFO - Running <TaskInstance: api_to_s3_crypto.load_to_snowflake manual__2026-01-30T03:39:46.021705+00:00 [running]> on host 873606956bc0
[2026-01-30T03:39:52.916+0000] {taskinstance.py:2648} INFO - Exporting env vars: AIRFLOW_CTX_DAG_OWNER='***' AIRFLOW_CTX_DAG_ID='api_to_s3_crypto' AIRFLOW_CTX_TASK_ID='load_to_snowflake' AIRFLOW_CTX_EXECUTION_DATE='2026-01-30T03:39:46.021705+00:00' AIRFLOW_CTX_TRY_NUMBER='1' AIRFLOW_CTX_DAG_RUN_ID='manual__2026-01-30T03:39:46.021705+00:00'
[2026-01-30T03:39:52.917+0000] {taskinstance.py:430} INFO - ::endgroup::
[2026-01-30T03:39:52.927+0000] {sql.py:282} INFO - Executing: 

/* ============================================================
   STEP 0 — Context (Role / Warehouse / DB / Schema)
   ============================================================ */
USE ROLE ACCOUNTADMIN;

CREATE OR REPLACE WAREHOUSE ETL_WH
  WAREHOUSE_SIZE = XSMALL
  AUTO_SUSPEND   = 60
  AUTO_RESUME    = TRUE;

CREATE OR REPLACE DATABASE CRYPTO_DB;
CREATE OR REPLACE SCHEMA CRYPTO_DB.RAW;

USE WAREHOUSE ETL_WH;
USE DATABASE CRYPTO_DB;
USE SCHEMA RAW;


/* ============================================================
   STEP 1 — Storage Integration (Snowflake <-> AWS IAM Role)
   NOTE: This assumes your IAM Role trust policy is already set
         using the values from:
         DESC INTEGRATION s3_crypto_int;
   ============================================================ 
CREATE OR REPLACE STORAGE INTEGRATION s3_crypto_int
  TYPE = EXTERNAL_STAGE
  STORAGE_PROVIDER = S3
  ENABLED = TRUE
  STORAGE_AWS_ROLE_ARN = 'arn:aws:iam::911337539817:role/snowflake_s3_crypto_role'
  STORAGE_ALLOWED_LOCATIONS = ('s3://test-for-etl-proj/raw/');

-- Verify Snowflake generated IAM user ARN + external ID
DESC INTEGRATION s3_crypto_int;*/


/* ============================================================
   STEP 2 — File Format + External Stage (points to S3)
   IMPORTANT: Keep trailing slash in URL to match allowed location
   ============================================================ */
CREATE OR REPLACE FILE FORMAT crypto_json_ff
  TYPE = JSON;

CREATE OR REPLACE STAGE s3_crypto_stage
  STORAGE_INTEGRATION = s3_crypto_int
  URL = 's3://test-for-etl-proj/raw/'
  FILE_FORMAT = crypto_json_ff;

-- Verify Snowflake can see the files
LIST @s3_crypto_stage/api/;


/* ============================================================
   STEP 3 — Raw Landing Table (keeps original JSON)
   ============================================================ */
CREATE OR REPLACE TABLE crypto_prices_raw (
  file_name STRING,
  load_ts   TIMESTAMP_NTZ,
  payload   VARIANT
);


/* ============================================================
   STEP 4 — Load from S3 into Raw Table (COPY INTO)
   - FORCE=TRUE re-loads even if Snowflake thinks it was loaded
   - PATTERN ensures only crypto_prices_*.json are loaded
   ============================================================ */
COPY INTO crypto_prices_raw (file_name, load_ts, payload)
FROM (
  SELECT
    METADATA$FILENAME,
    CURRENT_TIMESTAMP(),
    $1
  FROM @s3_crypto_stage/api/
)
PATTERN = '.*crypto_prices_.*\.json'
FORCE = TRUE;

-- Quick sanity check (latest loaded rows)
SELECT
  file_name,
  load_ts,
  payload:extracted_at::timestamp_ntz AS extracted_at,
  payload:data:bitcoin:usd::number    AS btc_usd,
  payload:data:ethereum:usd::number   AS eth_usd
FROM crypto_prices_raw
ORDER BY load_ts DESC
LIMIT 10;


/* ============================================================
   STEP 5 — Deduplicate Raw (keep latest load per file_name)
   ============================================================ */
DELETE FROM crypto_prices_raw
WHERE (file_name, load_ts) IN (
  SELECT file_name, load_ts
  FROM (
    SELECT
      file_name,
      load_ts,
      ROW_NUMBER() OVER (PARTITION BY file_name ORDER BY load_ts DESC) AS rn
    FROM crypto_prices_raw
  )
  WHERE rn > 1
);

-- Confirm no duplicates remain
SELECT file_name, COUNT(*) AS cnt
FROM crypto_prices_raw
GROUP BY file_name
ORDER BY cnt DESC;


/* ============================================================
   STEP 6 — Analytics Table (flatten JSON into columns)
   (This makes Tableau work much more smoothly.)
   ============================================================ */
CREATE OR REPLACE TABLE crypto_prices_analytics AS
SELECT
  payload:extracted_at::timestamp_ntz AS extracted_at,
  payload:data:bitcoin:usd::number    AS btc_usd,
  payload:data:ethereum:usd::number   AS eth_usd,
  file_name,
  load_ts
FROM crypto_prices_raw;

SELECT *
FROM crypto_prices_analytics
ORDER BY extracted_at DESC
LIMIT 10;


/* ============================================================
   STEP 7 — Tableau-friendly VIEW (latest per extracted_at)
   - Prevents duplicates if same extracted_at loads again
   - Tableau should connect to this view
   ============================================================ */
CREATE OR REPLACE VIEW vw_crypto_prices_latest AS
SELECT
  extracted_at,
  btc_usd,
  eth_usd
FROM crypto_prices_analytics
QUALIFY ROW_NUMBER() OVER (
  PARTITION BY extracted_at
  ORDER BY load_ts DESC
) = 1;

SELECT * FROM vw_crypto_prices_latest
ORDER BY extracted_at DESC
LIMIT 20;


/* ============================================================
   OPTIONAL — Environment checks
   ============================================================ */
SELECT CURRENT_ACCOUNT(), CURRENT_REGION();


--DESC INTEGRATION s3_crypto_int;
/*
COPY INTO crypto_prices_raw (file_name, load_ts, payload)
FROM (
  SELECT METADATA$FILENAME, CURRENT_TIMESTAMP(), $1
  FROM @s3_crypto_stage/api/
)
PATTERN='.*crypto_prices_.*\\.json'
FORCE=TRUE;
*/
[2026-01-30T03:39:52.937+0000] {base.py:84} INFO - Using connection ID 'snowflake_default' for task execution.
[2026-01-30T03:39:52.950+0000] {base.py:84} INFO - Using connection ID 'snowflake_default' for task execution.
[2026-01-30T03:39:52.951+0000] {connection.py:408} INFO - Snowflake Connector for Python Version: 3.11.0, Python Version: 3.12.4, Platform: Linux-6.6.87.2-microsoft-standard-WSL2-x86_64-with-glibc2.36
[2026-01-30T03:39:52.952+0000] {connection.py:1258} INFO - This connection is in OCSP Fail Open Mode. TLS Certificates would be checked for validity and revocation status. Any other Certificate Revocation related exceptions or OCSP Responder failures would be disregarded in favor of connectivity.
[2026-01-30T03:39:53.892+0000] {cursor.py:1149} INFO - Number of results in first chunk: 1
[2026-01-30T03:39:53.892+0000] {sql.py:495} INFO - Running statement: /* ============================================================
   STEP 0 — Context (Role / Warehouse / DB / Schema)
   ============================================================ */
USE ROLE ACCOUNTADMIN;, parameters: None
[2026-01-30T03:39:53.978+0000] {cursor.py:1149} INFO - Number of results in first chunk: 1
[2026-01-30T03:39:53.978+0000] {sql.py:504} INFO - Rows affected: 1
[2026-01-30T03:39:53.979+0000] {snowflake.py:422} INFO - Rows affected: 1
[2026-01-30T03:39:53.979+0000] {snowflake.py:423} INFO - Snowflake query id: 01c211bb-0108-fb52-0000-00034e327f99
[2026-01-30T03:39:53.979+0000] {sql.py:495} INFO - Running statement: CREATE OR REPLACE WAREHOUSE ETL_WH
  WAREHOUSE_SIZE = XSMALL
  AUTO_SUSPEND   = 60
  AUTO_RESUME    = TRUE;, parameters: None
[2026-01-30T03:39:54.182+0000] {cursor.py:1149} INFO - Number of results in first chunk: 1
[2026-01-30T03:39:54.183+0000] {sql.py:504} INFO - Rows affected: 1
[2026-01-30T03:39:54.183+0000] {snowflake.py:422} INFO - Rows affected: 1
[2026-01-30T03:39:54.183+0000] {snowflake.py:423} INFO - Snowflake query id: 01c211bb-0108-fb7c-0000-00034e32f085
[2026-01-30T03:39:54.184+0000] {sql.py:495} INFO - Running statement: CREATE OR REPLACE DATABASE CRYPTO_DB;, parameters: None
[2026-01-30T03:39:54.404+0000] {cursor.py:1149} INFO - Number of results in first chunk: 1
[2026-01-30T03:39:54.404+0000] {sql.py:504} INFO - Rows affected: 1
[2026-01-30T03:39:54.405+0000] {snowflake.py:422} INFO - Rows affected: 1
[2026-01-30T03:39:54.405+0000] {snowflake.py:423} INFO - Snowflake query id: 01c211bb-0108-fb52-0000-00034e327f9d
[2026-01-30T03:39:54.405+0000] {sql.py:495} INFO - Running statement: CREATE OR REPLACE SCHEMA CRYPTO_DB.RAW;, parameters: None
[2026-01-30T03:39:54.579+0000] {cursor.py:1149} INFO - Number of results in first chunk: 1
[2026-01-30T03:39:54.580+0000] {sql.py:504} INFO - Rows affected: 1
[2026-01-30T03:39:54.580+0000] {snowflake.py:422} INFO - Rows affected: 1
[2026-01-30T03:39:54.580+0000] {snowflake.py:423} INFO - Snowflake query id: 01c211bb-0108-fb7c-0000-00034e32f089
[2026-01-30T03:39:54.581+0000] {sql.py:495} INFO - Running statement: USE WAREHOUSE ETL_WH;, parameters: None
[2026-01-30T03:39:54.666+0000] {cursor.py:1149} INFO - Number of results in first chunk: 1
[2026-01-30T03:39:54.667+0000] {sql.py:504} INFO - Rows affected: 1
[2026-01-30T03:39:54.667+0000] {snowflake.py:422} INFO - Rows affected: 1
[2026-01-30T03:39:54.668+0000] {snowflake.py:423} INFO - Snowflake query id: 01c211bb-0108-fb52-0000-00034e327fa1
[2026-01-30T03:39:54.668+0000] {sql.py:495} INFO - Running statement: USE DATABASE CRYPTO_DB;, parameters: None
[2026-01-30T03:39:54.754+0000] {cursor.py:1149} INFO - Number of results in first chunk: 1
[2026-01-30T03:39:54.754+0000] {sql.py:504} INFO - Rows affected: 1
[2026-01-30T03:39:54.755+0000] {snowflake.py:422} INFO - Rows affected: 1
[2026-01-30T03:39:54.755+0000] {snowflake.py:423} INFO - Snowflake query id: 01c211bb-0108-fb7c-0000-00034e32f08d
[2026-01-30T03:39:54.755+0000] {sql.py:495} INFO - Running statement: USE SCHEMA RAW;, parameters: None
[2026-01-30T03:39:54.908+0000] {cursor.py:1149} INFO - Number of results in first chunk: 1
[2026-01-30T03:39:54.908+0000] {sql.py:504} INFO - Rows affected: 1
[2026-01-30T03:39:54.909+0000] {snowflake.py:422} INFO - Rows affected: 1
[2026-01-30T03:39:54.909+0000] {snowflake.py:423} INFO - Snowflake query id: 01c211bb-0108-fb52-0000-00034e327fa5
[2026-01-30T03:39:54.909+0000] {sql.py:495} INFO - Running statement: /* ============================================================
   STEP 1 — Storage Integration (Snowflake <-> AWS IAM Role)
   NOTE: This assumes your IAM Role trust policy is already set
         using the values from:
         DESC INTEGRATION s3_crypto_int;
   ============================================================ 
CREATE OR REPLACE STORAGE INTEGRATION s3_crypto_int
  TYPE = EXTERNAL_STAGE
  STORAGE_PROVIDER = S3
  ENABLED = TRUE
  STORAGE_AWS_ROLE_ARN = 'arn:aws:iam::911337539817:role/snowflake_s3_crypto_role'
  STORAGE_ALLOWED_LOCATIONS = ('s3://test-for-etl-proj/raw/');

-- Verify Snowflake generated IAM user ARN + external ID
DESC INTEGRATION s3_crypto_int;*/


/* ============================================================
   STEP 2 — File Format + External Stage (points to S3)
   IMPORTANT: Keep trailing slash in URL to match allowed location
   ============================================================ */
CREATE OR REPLACE FILE FORMAT crypto_json_ff
  TYPE = JSON;, parameters: None
[2026-01-30T03:39:55.055+0000] {cursor.py:1149} INFO - Number of results in first chunk: 1
[2026-01-30T03:39:55.055+0000] {sql.py:504} INFO - Rows affected: 1
[2026-01-30T03:39:55.056+0000] {snowflake.py:422} INFO - Rows affected: 1
[2026-01-30T03:39:55.056+0000] {snowflake.py:423} INFO - Snowflake query id: 01c211bb-0108-fb7c-0000-00034e32f091
[2026-01-30T03:39:55.056+0000] {sql.py:495} INFO - Running statement: CREATE OR REPLACE STAGE s3_crypto_stage
  STORAGE_INTEGRATION = s3_crypto_int
  URL = 's3://test-for-etl-proj/raw/'
  FILE_FORMAT = crypto_json_ff;, parameters: None
[2026-01-30T03:39:55.181+0000] {cursor.py:1149} INFO - Number of results in first chunk: 1
[2026-01-30T03:39:55.181+0000] {sql.py:504} INFO - Rows affected: 1
[2026-01-30T03:39:55.182+0000] {snowflake.py:422} INFO - Rows affected: 1
[2026-01-30T03:39:55.182+0000] {snowflake.py:423} INFO - Snowflake query id: 01c211bb-0108-fb52-0000-00034e327fa9
[2026-01-30T03:39:55.183+0000] {sql.py:495} INFO - Running statement: -- Verify Snowflake can see the files
LIST @s3_crypto_stage/api/;, parameters: None
[2026-01-30T03:39:56.257+0000] {cursor.py:1149} INFO - Number of results in first chunk: 21
[2026-01-30T03:39:56.258+0000] {sql.py:504} INFO - Rows affected: 21
[2026-01-30T03:39:56.258+0000] {snowflake.py:422} INFO - Rows affected: 21
[2026-01-30T03:39:56.258+0000] {snowflake.py:423} INFO - Snowflake query id: 01c211bb-0108-fb7c-0000-00034e32f095
[2026-01-30T03:39:56.259+0000] {sql.py:495} INFO - Running statement: /* ============================================================
   STEP 3 — Raw Landing Table (keeps original JSON)
   ============================================================ */
CREATE OR REPLACE TABLE crypto_prices_raw (
  file_name STRING,
  load_ts   TIMESTAMP_NTZ,
  payload   VARIANT
);, parameters: None
[2026-01-30T03:39:56.431+0000] {cursor.py:1149} INFO - Number of results in first chunk: 1
[2026-01-30T03:39:56.432+0000] {sql.py:504} INFO - Rows affected: 1
[2026-01-30T03:39:56.432+0000] {snowflake.py:422} INFO - Rows affected: 1
[2026-01-30T03:39:56.433+0000] {snowflake.py:423} INFO - Snowflake query id: 01c211bb-0108-fb52-0000-00034e327fad
[2026-01-30T03:39:56.433+0000] {sql.py:495} INFO - Running statement: /* ============================================================
   STEP 4 — Load from S3 into Raw Table (COPY INTO)
   - FORCE=TRUE re-loads even if Snowflake thinks it was loaded
   - PATTERN ensures only crypto_prices_*.json are loaded
   ============================================================ */
COPY INTO crypto_prices_raw (file_name, load_ts, payload)
FROM (
  SELECT
    METADATA$FILENAME,
    CURRENT_TIMESTAMP(),
    $1
  FROM @s3_crypto_stage/api/
)
PATTERN = '.*crypto_prices_.*\.json'
FORCE = TRUE;, parameters: None
[2026-01-30T03:39:58.329+0000] {cursor.py:1149} INFO - Number of results in first chunk: 21
[2026-01-30T03:39:58.330+0000] {sql.py:504} INFO - Rows affected: 21
[2026-01-30T03:39:58.330+0000] {snowflake.py:422} INFO - Rows affected: 21
[2026-01-30T03:39:58.331+0000] {snowflake.py:423} INFO - Snowflake query id: 01c211bb-0108-fb7c-0000-00034e32f099
[2026-01-30T03:39:58.331+0000] {sql.py:495} INFO - Running statement: -- Quick sanity check (latest loaded rows)
SELECT
  file_name,
  load_ts,
  payload:extracted_at::timestamp_ntz AS extracted_at,
  payload:data:bitcoin:usd::number    AS btc_usd,
  payload:data:ethereum:usd::number   AS eth_usd
FROM crypto_prices_raw
ORDER BY load_ts DESC
LIMIT 10;, parameters: None
[2026-01-30T03:39:58.559+0000] {cursor.py:1149} INFO - Number of results in first chunk: 10
[2026-01-30T03:39:58.560+0000] {sql.py:504} INFO - Rows affected: 10
[2026-01-30T03:39:58.562+0000] {snowflake.py:422} INFO - Rows affected: 10
[2026-01-30T03:39:58.562+0000] {snowflake.py:423} INFO - Snowflake query id: 01c211bb-0108-fb52-0000-00034e327fb1
[2026-01-30T03:39:58.563+0000] {sql.py:495} INFO - Running statement: /* ============================================================
   STEP 5 — Deduplicate Raw (keep latest load per file_name)
   ============================================================ */
DELETE FROM crypto_prices_raw
WHERE (file_name, load_ts) IN (
  SELECT file_name, load_ts
  FROM (
    SELECT
      file_name,
      load_ts,
      ROW_NUMBER() OVER (PARTITION BY file_name ORDER BY load_ts DESC) AS rn
    FROM crypto_prices_raw
  )
  WHERE rn > 1
);, parameters: None
[2026-01-30T03:39:58.769+0000] {sql.py:504} INFO - Rows affected: 0
[2026-01-30T03:39:58.770+0000] {snowflake.py:422} INFO - Rows affected: 0
[2026-01-30T03:39:58.770+0000] {snowflake.py:423} INFO - Snowflake query id: 01c211bb-0108-fb7c-0000-00034e32f09d
[2026-01-30T03:39:58.770+0000] {sql.py:495} INFO - Running statement: -- Confirm no duplicates remain
SELECT file_name, COUNT(*) AS cnt
FROM crypto_prices_raw
GROUP BY file_name
ORDER BY cnt DESC;, parameters: None
[2026-01-30T03:39:58.952+0000] {cursor.py:1149} INFO - Number of results in first chunk: 21
[2026-01-30T03:39:58.953+0000] {sql.py:504} INFO - Rows affected: 21
[2026-01-30T03:39:58.953+0000] {snowflake.py:422} INFO - Rows affected: 21
[2026-01-30T03:39:58.953+0000] {snowflake.py:423} INFO - Snowflake query id: 01c211bb-0108-fb52-0000-00034e327fb5
[2026-01-30T03:39:58.953+0000] {sql.py:495} INFO - Running statement: /* ============================================================
   STEP 6 — Analytics Table (flatten JSON into columns)
   (This makes Tableau work much more smoothly.)
   ============================================================ */
CREATE OR REPLACE TABLE crypto_prices_analytics AS
SELECT
  payload:extracted_at::timestamp_ntz AS extracted_at,
  payload:data:bitcoin:usd::number    AS btc_usd,
  payload:data:ethereum:usd::number   AS eth_usd,
  file_name,
  load_ts
FROM crypto_prices_raw;, parameters: None
[2026-01-30T03:39:59.707+0000] {cursor.py:1149} INFO - Number of results in first chunk: 1
[2026-01-30T03:39:59.707+0000] {sql.py:504} INFO - Rows affected: 1
[2026-01-30T03:39:59.708+0000] {snowflake.py:422} INFO - Rows affected: 1
[2026-01-30T03:39:59.708+0000] {snowflake.py:423} INFO - Snowflake query id: 01c211bb-0108-fb7c-0000-00034e32f0a1
[2026-01-30T03:39:59.708+0000] {sql.py:495} INFO - Running statement: SELECT *
FROM crypto_prices_analytics
ORDER BY extracted_at DESC
LIMIT 10;, parameters: None
[2026-01-30T03:39:59.947+0000] {cursor.py:1149} INFO - Number of results in first chunk: 10
[2026-01-30T03:39:59.947+0000] {sql.py:504} INFO - Rows affected: 10
[2026-01-30T03:39:59.948+0000] {snowflake.py:422} INFO - Rows affected: 10
[2026-01-30T03:39:59.948+0000] {snowflake.py:423} INFO - Snowflake query id: 01c211bb-0108-fb52-0000-00034e327fb9
[2026-01-30T03:39:59.949+0000] {sql.py:495} INFO - Running statement: /* ============================================================
   STEP 7 — Tableau-friendly VIEW (latest per extracted_at)
   - Prevents duplicates if same extracted_at loads again
   - Tableau should connect to this view
   ============================================================ */
CREATE OR REPLACE VIEW vw_crypto_prices_latest AS
SELECT
  extracted_at,
  btc_usd,
  eth_usd
FROM crypto_prices_analytics
QUALIFY ROW_NUMBER() OVER (
  PARTITION BY extracted_at
  ORDER BY load_ts DESC
) = 1;, parameters: None
[2026-01-30T03:40:00.118+0000] {cursor.py:1149} INFO - Number of results in first chunk: 1
[2026-01-30T03:40:00.118+0000] {sql.py:504} INFO - Rows affected: 1
[2026-01-30T03:40:00.118+0000] {snowflake.py:422} INFO - Rows affected: 1
[2026-01-30T03:40:00.119+0000] {snowflake.py:423} INFO - Snowflake query id: 01c211bb-0108-fb7c-0000-00034e32f0a5
[2026-01-30T03:40:00.119+0000] {sql.py:495} INFO - Running statement: SELECT * FROM vw_crypto_prices_latest
ORDER BY extracted_at DESC
LIMIT 20;, parameters: None
[2026-01-30T03:40:00.290+0000] {cursor.py:1149} INFO - Number of results in first chunk: 20
[2026-01-30T03:40:00.290+0000] {sql.py:504} INFO - Rows affected: 20
[2026-01-30T03:40:00.291+0000] {snowflake.py:422} INFO - Rows affected: 20
[2026-01-30T03:40:00.291+0000] {snowflake.py:423} INFO - Snowflake query id: 01c211bb-0108-fb52-0000-00034e327fbd
[2026-01-30T03:40:00.291+0000] {sql.py:495} INFO - Running statement: /* ============================================================
   OPTIONAL — Environment checks
   ============================================================ */
SELECT CURRENT_ACCOUNT(), CURRENT_REGION();, parameters: None
[2026-01-30T03:40:00.376+0000] {cursor.py:1149} INFO - Number of results in first chunk: 1
[2026-01-30T03:40:00.376+0000] {sql.py:504} INFO - Rows affected: 1
[2026-01-30T03:40:00.377+0000] {snowflake.py:422} INFO - Rows affected: 1
[2026-01-30T03:40:00.377+0000] {snowflake.py:423} INFO - Snowflake query id: 01c211bc-0108-fb7c-0000-00034e32f0a9
[2026-01-30T03:40:00.377+0000] {sql.py:495} INFO - Running statement: --DESC INTEGRATION s3_crypto_int;
/*
COPY INTO crypto_prices_raw (file_name, load_ts, payload)
FROM (
  SELECT METADATA$FILENAME, CURRENT_TIMESTAMP(), $1
  FROM @s3_crypto_stage/api/
)
PATTERN='.*crypto_prices_.*\\.json'
FORCE=TRUE;
*/, parameters: None
[2026-01-30T03:40:00.474+0000] {connection.py:773} INFO - closed
[2026-01-30T03:40:00.561+0000] {connection.py:779} INFO - No async queries seem to be running, deleting session
[2026-01-30T03:40:00.636+0000] {taskinstance.py:441} INFO - ::group::Post task execution logs
[2026-01-30T03:40:00.637+0000] {taskinstance.py:2905} ERROR - Task failed with exception
Traceback (most recent call last):
  File "/home/airflow/.local/lib/python3.12/site-packages/airflow/models/taskinstance.py", line 465, in _execute_task
    result = _execute_callable(context=context, **execute_callable_kwargs)
             ^^^^^^^^^^^^^^^^^^^^^^^^^^^^^^^^^^^^^^^^^^^^^^^^^^^^^^^^^^^^^
  File "/home/airflow/.local/lib/python3.12/site-packages/airflow/models/taskinstance.py", line 432, in _execute_callable
    return execute_callable(context=context, **execute_callable_kwargs)
           ^^^^^^^^^^^^^^^^^^^^^^^^^^^^^^^^^^^^^^^^^^^^^^^^^^^^^^^^^^^^
  File "/home/airflow/.local/lib/python3.12/site-packages/airflow/models/baseoperator.py", line 401, in wrapper
    return func(self, *args, **kwargs)
           ^^^^^^^^^^^^^^^^^^^^^^^^^^^
  File "/home/airflow/.local/lib/python3.12/site-packages/airflow/providers/common/sql/operators/sql.py", line 288, in execute
    output = hook.run(
             ^^^^^^^^^
  File "/home/airflow/.local/lib/python3.12/site-packages/airflow/providers/snowflake/hooks/snowflake.py", line 410, in run
    self._run_command(cur, sql_statement, parameters)  # type: ignore[attr-defined]
    ^^^^^^^^^^^^^^^^^^^^^^^^^^^^^^^^^^^^^^^^^^^^^^^^^
  File "/home/airflow/.local/lib/python3.12/site-packages/airflow/providers/common/sql/hooks/sql.py", line 500, in _run_command
    cur.execute(sql_statement)
  File "/home/airflow/.local/lib/python3.12/site-packages/snowflake/connector/cursor.py", line 1080, in execute
    Error.errorhandler_wrapper(self.connection, self, error_class, errvalue)
  File "/home/airflow/.local/lib/python3.12/site-packages/snowflake/connector/errors.py", line 290, in errorhandler_wrapper
    handed_over = Error.hand_to_other_handler(
                  ^^^^^^^^^^^^^^^^^^^^^^^^^^^^
  File "/home/airflow/.local/lib/python3.12/site-packages/snowflake/connector/errors.py", line 345, in hand_to_other_handler
    cursor.errorhandler(connection, cursor, error_class, error_value)
  File "/home/airflow/.local/lib/python3.12/site-packages/snowflake/connector/errors.py", line 221, in default_errorhandler
    raise error_class(
snowflake.connector.errors.ProgrammingError: 000900 (42601): 01c211bc-0108-fb52-0000-00034e327fc1: SQL compilation error:
Empty SQL statement.
[2026-01-30T03:40:00.647+0000] {taskinstance.py:1206} INFO - Marking task as FAILED. dag_id=api_to_s3_crypto, task_id=load_to_snowflake, run_id=manual__2026-01-30T03:39:46.021705+00:00, execution_date=20260130T033946, start_date=20260130T033952, end_date=20260130T034000
[2026-01-30T03:40:00.654+0000] {standard_task_runner.py:110} ERROR - Failed to execute job 49 for task load_to_snowflake (000900 (42601): 01c211bc-0108-fb52-0000-00034e327fc1: SQL compilation error:
Empty SQL statement.; 1513)
[2026-01-30T03:40:00.699+0000] {local_task_job_runner.py:243} INFO - Task exited with return code 1
[2026-01-30T03:40:00.712+0000] {taskinstance.py:3503} INFO - 0 downstream tasks scheduled from follow-on schedule check
[2026-01-30T03:40:00.713+0000] {local_task_job_runner.py:222} INFO - ::endgroup::
