[2026-01-30T03:48:10.654+0000] {local_task_job_runner.py:120} INFO - ::group::Pre task execution logs
[2026-01-30T03:48:10.668+0000] {taskinstance.py:2076} INFO - Dependencies all met for dep_context=non-requeueable deps ti=<TaskInstance: api_to_s3_crypto.extract_api_and_upload_to_s3 manual__2026-01-30T03:48:07.109772+00:00 [queued]>
[2026-01-30T03:48:10.675+0000] {taskinstance.py:2076} INFO - Dependencies all met for dep_context=requeueable deps ti=<TaskInstance: api_to_s3_crypto.extract_api_and_upload_to_s3 manual__2026-01-30T03:48:07.109772+00:00 [queued]>
[2026-01-30T03:48:10.676+0000] {taskinstance.py:2306} INFO - Starting attempt 1 of 1
[2026-01-30T03:48:10.685+0000] {taskinstance.py:2330} INFO - Executing <Task(PythonOperator): extract_api_and_upload_to_s3> on 2026-01-30 03:48:07.109772+00:00
[2026-01-30T03:48:10.696+0000] {logging_mixin.py:188} WARNING - /home/***/.local/lib/python3.12/site-packages/***/task/task_runner/standard_task_runner.py:62 DeprecationWarning: This process (pid=1607) is multi-threaded, use of fork() may lead to deadlocks in the child.
[2026-01-30T03:48:10.695+0000] {standard_task_runner.py:90} INFO - Running: ['***', 'tasks', 'run', 'api_to_s3_crypto', 'extract_api_and_upload_to_s3', 'manual__2026-01-30T03:48:07.109772+00:00', '--job-id', '52', '--raw', '--subdir', 'DAGS_FOLDER/api_to_s3.py', '--cfg-path', '/tmp/tmpu5c1usbc']
[2026-01-30T03:48:10.697+0000] {standard_task_runner.py:91} INFO - Job 52: Subtask extract_api_and_upload_to_s3
[2026-01-30T03:48:10.697+0000] {standard_task_runner.py:64} INFO - Started process 1610 to run task
[2026-01-30T03:48:10.759+0000] {task_command.py:426} INFO - Running <TaskInstance: api_to_s3_crypto.extract_api_and_upload_to_s3 manual__2026-01-30T03:48:07.109772+00:00 [running]> on host 873606956bc0
[2026-01-30T03:48:10.834+0000] {taskinstance.py:2648} INFO - Exporting env vars: AIRFLOW_CTX_DAG_OWNER='***' AIRFLOW_CTX_DAG_ID='api_to_s3_crypto' AIRFLOW_CTX_TASK_ID='extract_api_and_upload_to_s3' AIRFLOW_CTX_EXECUTION_DATE='2026-01-30T03:48:07.109772+00:00' AIRFLOW_CTX_TRY_NUMBER='1' AIRFLOW_CTX_DAG_RUN_ID='manual__2026-01-30T03:48:07.109772+00:00'
[2026-01-30T03:48:10.835+0000] {taskinstance.py:430} INFO - ::endgroup::
[2026-01-30T03:48:11.015+0000] {base.py:84} INFO - Using connection ID 'aws_default' for task execution.
[2026-01-30T03:48:11.016+0000] {connection_wrapper.py:384} INFO - AWS Connection (conn_id='aws_default', conn_type='aws') credentials retrieved from login and password.
[2026-01-30T03:48:11.772+0000] {python.py:237} INFO - Done. Returned value was: None
[2026-01-30T03:48:11.773+0000] {taskinstance.py:441} INFO - ::group::Post task execution logs
[2026-01-30T03:48:11.783+0000] {taskinstance.py:1206} INFO - Marking task as SUCCESS. dag_id=api_to_s3_crypto, task_id=extract_api_and_upload_to_s3, run_id=manual__2026-01-30T03:48:07.109772+00:00, execution_date=20260130T034807, start_date=20260130T034810, end_date=20260130T034811
[2026-01-30T03:48:11.836+0000] {local_task_job_runner.py:243} INFO - Task exited with return code 0
[2026-01-30T03:48:11.846+0000] {logging_mixin.py:188} WARNING - /home/***/.local/lib/python3.12/site-packages/***/models/baseoperator.py:1297 AirflowProviderDeprecationWarning: Call to deprecated class SnowflakeOperator. (This class is deprecated. Please use `***.providers.common.sql.operators.sql.SQLExecuteQueryOperator`. Also, you can provide `hook_params={'warehouse': <warehouse>, 'database': <database>, 'role': <role>, 'schema': <schema>, 'authenticator': <authenticator>,'session_parameters': <session_parameters>}`.)
[2026-01-30T03:48:11.855+0000] {taskinstance.py:3503} INFO - 1 downstream tasks scheduled from follow-on schedule check
[2026-01-30T03:48:11.856+0000] {local_task_job_runner.py:222} INFO - ::endgroup::
