[2026-01-29T21:32:45.542+0000] {local_task_job_runner.py:120} INFO - ::group::Pre task execution logs
[2026-01-29T21:32:45.562+0000] {taskinstance.py:2076} INFO - Dependencies all met for dep_context=non-requeueable deps ti=<TaskInstance: api_to_s3_crypto.extract_api_and_upload_to_s3 manual__2026-01-29T21:32:44.543112+00:00 [queued]>
[2026-01-29T21:32:45.571+0000] {taskinstance.py:2076} INFO - Dependencies all met for dep_context=requeueable deps ti=<TaskInstance: api_to_s3_crypto.extract_api_and_upload_to_s3 manual__2026-01-29T21:32:44.543112+00:00 [queued]>
[2026-01-29T21:32:45.572+0000] {taskinstance.py:2306} INFO - Starting attempt 1 of 1
[2026-01-29T21:32:45.585+0000] {taskinstance.py:2330} INFO - Executing <Task(PythonOperator): extract_api_and_upload_to_s3> on 2026-01-29 21:32:44.543112+00:00
[2026-01-29T21:32:45.594+0000] {standard_task_runner.py:90} INFO - Running: ['***', 'tasks', 'run', 'api_to_s3_crypto', 'extract_api_and_upload_to_s3', 'manual__2026-01-29T21:32:44.543112+00:00', '--job-id', '13', '--raw', '--subdir', 'DAGS_FOLDER/api_to_s3.py', '--cfg-path', '/tmp/tmptmgegvfn']
[2026-01-29T21:32:45.596+0000] {logging_mixin.py:188} WARNING - /home/***/.local/lib/python3.12/site-packages/***/task/task_runner/standard_task_runner.py:62 DeprecationWarning: This process (pid=13456) is multi-threaded, use of fork() may lead to deadlocks in the child.
[2026-01-29T21:32:45.597+0000] {standard_task_runner.py:91} INFO - Job 13: Subtask extract_api_and_upload_to_s3
[2026-01-29T21:32:45.597+0000] {standard_task_runner.py:64} INFO - Started process 13457 to run task
[2026-01-29T21:32:45.661+0000] {task_command.py:426} INFO - Running <TaskInstance: api_to_s3_crypto.extract_api_and_upload_to_s3 manual__2026-01-29T21:32:44.543112+00:00 [running]> on host 1761b13d5722
[2026-01-29T21:32:45.749+0000] {taskinstance.py:2648} INFO - Exporting env vars: AIRFLOW_CTX_DAG_OWNER='***' AIRFLOW_CTX_DAG_ID='api_to_s3_crypto' AIRFLOW_CTX_TASK_ID='extract_api_and_upload_to_s3' AIRFLOW_CTX_EXECUTION_DATE='2026-01-29T21:32:44.543112+00:00' AIRFLOW_CTX_TRY_NUMBER='1' AIRFLOW_CTX_DAG_RUN_ID='manual__2026-01-29T21:32:44.543112+00:00'
[2026-01-29T21:32:45.750+0000] {taskinstance.py:430} INFO - ::endgroup::
[2026-01-29T21:32:46.025+0000] {base.py:84} INFO - Using connection ID 'aws_default' for task execution.
[2026-01-29T21:32:46.026+0000] {connection_wrapper.py:384} INFO - AWS Connection (conn_id='aws_default', conn_type='aws') credentials retrieved from login and password.
[2026-01-29T21:32:47.071+0000] {python.py:237} INFO - Done. Returned value was: None
[2026-01-29T21:32:47.073+0000] {taskinstance.py:441} INFO - ::group::Post task execution logs
[2026-01-29T21:32:47.083+0000] {taskinstance.py:1206} INFO - Marking task as SUCCESS. dag_id=api_to_s3_crypto, task_id=extract_api_and_upload_to_s3, run_id=manual__2026-01-29T21:32:44.543112+00:00, execution_date=20260129T213244, start_date=20260129T213245, end_date=20260129T213247
[2026-01-29T21:32:47.137+0000] {local_task_job_runner.py:243} INFO - Task exited with return code 0
[2026-01-29T21:32:47.152+0000] {taskinstance.py:3503} INFO - 0 downstream tasks scheduled from follow-on schedule check
[2026-01-29T21:32:47.154+0000] {local_task_job_runner.py:222} INFO - ::endgroup::
