[2026-01-28T03:32:06.008+0000] {local_task_job_runner.py:120} INFO - ::group::Pre task execution logs
[2026-01-28T03:32:06.024+0000] {taskinstance.py:2076} INFO - Dependencies all met for dep_context=non-requeueable deps ti=<TaskInstance: api_to_s3_crypto.extract_api_and_upload_to_s3 manual__2026-01-28T03:32:05.129224+00:00 [queued]>
[2026-01-28T03:32:06.030+0000] {taskinstance.py:2076} INFO - Dependencies all met for dep_context=requeueable deps ti=<TaskInstance: api_to_s3_crypto.extract_api_and_upload_to_s3 manual__2026-01-28T03:32:05.129224+00:00 [queued]>
[2026-01-28T03:32:06.031+0000] {taskinstance.py:2306} INFO - Starting attempt 1 of 1
[2026-01-28T03:32:06.041+0000] {taskinstance.py:2330} INFO - Executing <Task(PythonOperator): extract_api_and_upload_to_s3> on 2026-01-28 03:32:05.129224+00:00
[2026-01-28T03:32:06.052+0000] {logging_mixin.py:188} WARNING - /home/***/.local/lib/python3.12/site-packages/***/task/task_runner/standard_task_runner.py:62 DeprecationWarning: This process (pid=221) is multi-threaded, use of fork() may lead to deadlocks in the child.
[2026-01-28T03:32:06.050+0000] {standard_task_runner.py:90} INFO - Running: ['***', 'tasks', 'run', 'api_to_s3_crypto', 'extract_api_and_upload_to_s3', 'manual__2026-01-28T03:32:05.129224+00:00', '--job-id', '7', '--raw', '--subdir', 'DAGS_FOLDER/api_to_s3.py', '--cfg-path', '/tmp/tmpd9zqej70']
[2026-01-28T03:32:06.053+0000] {standard_task_runner.py:64} INFO - Started process 222 to run task
[2026-01-28T03:32:06.053+0000] {standard_task_runner.py:91} INFO - Job 7: Subtask extract_api_and_upload_to_s3
[2026-01-28T03:32:06.113+0000] {task_command.py:426} INFO - Running <TaskInstance: api_to_s3_crypto.extract_api_and_upload_to_s3 manual__2026-01-28T03:32:05.129224+00:00 [running]> on host 242dd488037d
[2026-01-28T03:32:06.191+0000] {taskinstance.py:2648} INFO - Exporting env vars: AIRFLOW_CTX_DAG_OWNER='***' AIRFLOW_CTX_DAG_ID='api_to_s3_crypto' AIRFLOW_CTX_TASK_ID='extract_api_and_upload_to_s3' AIRFLOW_CTX_EXECUTION_DATE='2026-01-28T03:32:05.129224+00:00' AIRFLOW_CTX_TRY_NUMBER='1' AIRFLOW_CTX_DAG_RUN_ID='manual__2026-01-28T03:32:05.129224+00:00'
[2026-01-28T03:32:06.192+0000] {taskinstance.py:430} INFO - ::endgroup::
[2026-01-28T03:32:06.362+0000] {base.py:84} INFO - Using connection ID 'aws_default' for task execution.
[2026-01-28T03:32:06.363+0000] {connection_wrapper.py:384} INFO - AWS Connection (conn_id='aws_default', conn_type='aws') credentials retrieved from login and password.
[2026-01-28T03:32:06.938+0000] {connection.py:849} WARNING - Certificate did not match expected hostname: test-for-etl-proj.s3.s3.amazonaws.com. Certificate: {'subject': ((('commonName', 's3.amazonaws.com'),),), 'issuer': ((('countryName', 'US'),), (('organizationName', 'Amazon'),), (('commonName', 'Amazon RSA 2048 M01'),)), 'version': 3, 'serialNumber': '0873613481F95D51F91B74803701DE71', 'notBefore': 'Sep 19 00:00:00 2025 GMT', 'notAfter': 'Aug 23 23:59:59 2026 GMT', 'subjectAltName': (('DNS', 's3.amazonaws.com'), ('DNS', '*.s3.amazonaws.com'), ('DNS', '*.s3-accesspoint.us-east-1.amazonaws.com'), ('DNS', '*.s3-control.us-east-1.amazonaws.com'), ('DNS', 's3.dualstack.us-east-1.amazonaws.com'), ('DNS', '*.s3-deprecated.us-east-1.amazonaws.com'), ('DNS', 's3-control.dualstack.us-east-1.amazonaws.com'), ('DNS', '*.s3-external-2.amazonaws.com'), ('DNS', 's3.us-east-1.amazonaws.com'), ('DNS', '*.s3-accesspoint.dualstack.us-east-1.amazonaws.com'), ('DNS', '*.s3.us-east-1.amazonaws.com'), ('DNS', '*.s3-external-1.amazonaws.com'), ('DNS', '*.s3.dualstack.us-east-1.amazonaws.com'), ('DNS', 's3-external-2.amazonaws.com'), ('DNS', 's3-control.us-east-1.amazonaws.com'), ('DNS', 's3-external-1.amazonaws.com'), ('DNS', 's3-deprecated.us-east-1.amazonaws.com'), ('DNS', '*.s3-control.dualstack.us-east-1.amazonaws.com')), 'OCSP': ('http://ocsp.r2m01.amazontrust.com',), 'caIssuers': ('http://crt.r2m01.amazontrust.com/r2m01.cer',), 'crlDistributionPoints': ('http://crl.r2m01.amazontrust.com/r2m01.crl',)}
[2026-01-28T03:32:07.527+0000] {connection.py:849} WARNING - Certificate did not match expected hostname: test-for-etl-proj.s3.s3.amazonaws.com. Certificate: {'subject': ((('commonName', 's3.amazonaws.com'),),), 'issuer': ((('countryName', 'US'),), (('organizationName', 'Amazon'),), (('commonName', 'Amazon RSA 2048 M01'),)), 'version': 3, 'serialNumber': '0873613481F95D51F91B74803701DE71', 'notBefore': 'Sep 19 00:00:00 2025 GMT', 'notAfter': 'Aug 23 23:59:59 2026 GMT', 'subjectAltName': (('DNS', 's3.amazonaws.com'), ('DNS', '*.s3.amazonaws.com'), ('DNS', '*.s3-accesspoint.us-east-1.amazonaws.com'), ('DNS', '*.s3-control.us-east-1.amazonaws.com'), ('DNS', 's3.dualstack.us-east-1.amazonaws.com'), ('DNS', '*.s3-deprecated.us-east-1.amazonaws.com'), ('DNS', 's3-control.dualstack.us-east-1.amazonaws.com'), ('DNS', '*.s3-external-2.amazonaws.com'), ('DNS', 's3.us-east-1.amazonaws.com'), ('DNS', '*.s3-accesspoint.dualstack.us-east-1.amazonaws.com'), ('DNS', '*.s3.us-east-1.amazonaws.com'), ('DNS', '*.s3-external-1.amazonaws.com'), ('DNS', '*.s3.dualstack.us-east-1.amazonaws.com'), ('DNS', 's3-external-2.amazonaws.com'), ('DNS', 's3-control.us-east-1.amazonaws.com'), ('DNS', 's3-external-1.amazonaws.com'), ('DNS', 's3-deprecated.us-east-1.amazonaws.com'), ('DNS', '*.s3-control.dualstack.us-east-1.amazonaws.com')), 'OCSP': ('http://ocsp.r2m01.amazontrust.com',), 'caIssuers': ('http://crt.r2m01.amazontrust.com/r2m01.cer',), 'crlDistributionPoints': ('http://crl.r2m01.amazontrust.com/r2m01.crl',)}
[2026-01-28T03:32:08.890+0000] {connection.py:849} WARNING - Certificate did not match expected hostname: test-for-etl-proj.s3.s3.amazonaws.com. Certificate: {'subject': ((('commonName', 's3.amazonaws.com'),),), 'issuer': ((('countryName', 'US'),), (('organizationName', 'Amazon'),), (('commonName', 'Amazon RSA 2048 M01'),)), 'version': 3, 'serialNumber': '0873613481F95D51F91B74803701DE71', 'notBefore': 'Sep 19 00:00:00 2025 GMT', 'notAfter': 'Aug 23 23:59:59 2026 GMT', 'subjectAltName': (('DNS', 's3.amazonaws.com'), ('DNS', '*.s3.amazonaws.com'), ('DNS', '*.s3-accesspoint.us-east-1.amazonaws.com'), ('DNS', '*.s3-control.us-east-1.amazonaws.com'), ('DNS', 's3.dualstack.us-east-1.amazonaws.com'), ('DNS', '*.s3-deprecated.us-east-1.amazonaws.com'), ('DNS', 's3-control.dualstack.us-east-1.amazonaws.com'), ('DNS', '*.s3-external-2.amazonaws.com'), ('DNS', 's3.us-east-1.amazonaws.com'), ('DNS', '*.s3-accesspoint.dualstack.us-east-1.amazonaws.com'), ('DNS', '*.s3.us-east-1.amazonaws.com'), ('DNS', '*.s3-external-1.amazonaws.com'), ('DNS', '*.s3.dualstack.us-east-1.amazonaws.com'), ('DNS', 's3-external-2.amazonaws.com'), ('DNS', 's3-control.us-east-1.amazonaws.com'), ('DNS', 's3-external-1.amazonaws.com'), ('DNS', 's3-deprecated.us-east-1.amazonaws.com'), ('DNS', '*.s3-control.dualstack.us-east-1.amazonaws.com')), 'OCSP': ('http://ocsp.r2m01.amazontrust.com',), 'caIssuers': ('http://crt.r2m01.amazontrust.com/r2m01.cer',), 'crlDistributionPoints': ('http://crl.r2m01.amazontrust.com/r2m01.crl',)}
[2026-01-28T03:32:12.925+0000] {connection.py:849} WARNING - Certificate did not match expected hostname: test-for-etl-proj.s3.s3.amazonaws.com. Certificate: {'subject': ((('commonName', 's3.amazonaws.com'),),), 'issuer': ((('countryName', 'US'),), (('organizationName', 'Amazon'),), (('commonName', 'Amazon RSA 2048 M01'),)), 'version': 3, 'serialNumber': '0873613481F95D51F91B74803701DE71', 'notBefore': 'Sep 19 00:00:00 2025 GMT', 'notAfter': 'Aug 23 23:59:59 2026 GMT', 'subjectAltName': (('DNS', 's3.amazonaws.com'), ('DNS', '*.s3.amazonaws.com'), ('DNS', '*.s3-accesspoint.us-east-1.amazonaws.com'), ('DNS', '*.s3-control.us-east-1.amazonaws.com'), ('DNS', 's3.dualstack.us-east-1.amazonaws.com'), ('DNS', '*.s3-deprecated.us-east-1.amazonaws.com'), ('DNS', 's3-control.dualstack.us-east-1.amazonaws.com'), ('DNS', '*.s3-external-2.amazonaws.com'), ('DNS', 's3.us-east-1.amazonaws.com'), ('DNS', '*.s3-accesspoint.dualstack.us-east-1.amazonaws.com'), ('DNS', '*.s3.us-east-1.amazonaws.com'), ('DNS', '*.s3-external-1.amazonaws.com'), ('DNS', '*.s3.dualstack.us-east-1.amazonaws.com'), ('DNS', 's3-external-2.amazonaws.com'), ('DNS', 's3-control.us-east-1.amazonaws.com'), ('DNS', 's3-external-1.amazonaws.com'), ('DNS', 's3-deprecated.us-east-1.amazonaws.com'), ('DNS', '*.s3-control.dualstack.us-east-1.amazonaws.com')), 'OCSP': ('http://ocsp.r2m01.amazontrust.com',), 'caIssuers': ('http://crt.r2m01.amazontrust.com/r2m01.cer',), 'crlDistributionPoints': ('http://crl.r2m01.amazontrust.com/r2m01.crl',)}
[2026-01-28T03:32:19.959+0000] {connection.py:849} WARNING - Certificate did not match expected hostname: test-for-etl-proj.s3.s3.amazonaws.com. Certificate: {'subject': ((('commonName', 's3.amazonaws.com'),),), 'issuer': ((('countryName', 'US'),), (('organizationName', 'Amazon'),), (('commonName', 'Amazon RSA 2048 M01'),)), 'version': 3, 'serialNumber': '0873613481F95D51F91B74803701DE71', 'notBefore': 'Sep 19 00:00:00 2025 GMT', 'notAfter': 'Aug 23 23:59:59 2026 GMT', 'subjectAltName': (('DNS', 's3.amazonaws.com'), ('DNS', '*.s3.amazonaws.com'), ('DNS', '*.s3-accesspoint.us-east-1.amazonaws.com'), ('DNS', '*.s3-control.us-east-1.amazonaws.com'), ('DNS', 's3.dualstack.us-east-1.amazonaws.com'), ('DNS', '*.s3-deprecated.us-east-1.amazonaws.com'), ('DNS', 's3-control.dualstack.us-east-1.amazonaws.com'), ('DNS', '*.s3-external-2.amazonaws.com'), ('DNS', 's3.us-east-1.amazonaws.com'), ('DNS', '*.s3-accesspoint.dualstack.us-east-1.amazonaws.com'), ('DNS', '*.s3.us-east-1.amazonaws.com'), ('DNS', '*.s3-external-1.amazonaws.com'), ('DNS', '*.s3.dualstack.us-east-1.amazonaws.com'), ('DNS', 's3-external-2.amazonaws.com'), ('DNS', 's3-control.us-east-1.amazonaws.com'), ('DNS', 's3-external-1.amazonaws.com'), ('DNS', 's3-deprecated.us-east-1.amazonaws.com'), ('DNS', '*.s3-control.dualstack.us-east-1.amazonaws.com')), 'OCSP': ('http://ocsp.r2m01.amazontrust.com',), 'caIssuers': ('http://crt.r2m01.amazontrust.com/r2m01.cer',), 'crlDistributionPoints': ('http://crl.r2m01.amazontrust.com/r2m01.crl',)}
[2026-01-28T03:32:19.960+0000] {taskinstance.py:441} INFO - ::group::Post task execution logs
[2026-01-28T03:32:19.960+0000] {taskinstance.py:2905} ERROR - Task failed with exception
Traceback (most recent call last):
  File "/home/airflow/.local/lib/python3.12/site-packages/urllib3/connectionpool.py", line 468, in _make_request
    self._validate_conn(conn)
  File "/home/airflow/.local/lib/python3.12/site-packages/urllib3/connectionpool.py", line 1097, in _validate_conn
    conn.connect()
  File "/home/airflow/.local/lib/python3.12/site-packages/urllib3/connection.py", line 642, in connect
    sock_and_verified = _ssl_wrap_socket_and_match_hostname(
                        ^^^^^^^^^^^^^^^^^^^^^^^^^^^^^^^^^^^^
  File "/home/airflow/.local/lib/python3.12/site-packages/urllib3/connection.py", line 818, in _ssl_wrap_socket_and_match_hostname
    _match_hostname(
  File "/home/airflow/.local/lib/python3.12/site-packages/urllib3/connection.py", line 847, in _match_hostname
    match_hostname(cert, asserted_hostname, hostname_checks_common_name)
  File "/home/airflow/.local/lib/python3.12/site-packages/urllib3/util/ssl_match_hostname.py", line 152, in match_hostname
    raise CertificateError(
urllib3.util.ssl_match_hostname.CertificateError: hostname 'test-for-etl-proj.s3.s3.amazonaws.com' doesn't match either of 's3.amazonaws.com', '*.s3.amazonaws.com', '*.s3-accesspoint.us-east-1.amazonaws.com', '*.s3-control.us-east-1.amazonaws.com', 's3.dualstack.us-east-1.amazonaws.com', '*.s3-deprecated.us-east-1.amazonaws.com', 's3-control.dualstack.us-east-1.amazonaws.com', '*.s3-external-2.amazonaws.com', 's3.us-east-1.amazonaws.com', '*.s3-accesspoint.dualstack.us-east-1.amazonaws.com', '*.s3.us-east-1.amazonaws.com', '*.s3-external-1.amazonaws.com', '*.s3.dualstack.us-east-1.amazonaws.com', 's3-external-2.amazonaws.com', 's3-control.us-east-1.amazonaws.com', 's3-external-1.amazonaws.com', 's3-deprecated.us-east-1.amazonaws.com', '*.s3-control.dualstack.us-east-1.amazonaws.com'

During handling of the above exception, another exception occurred:

Traceback (most recent call last):
  File "/home/airflow/.local/lib/python3.12/site-packages/botocore/httpsession.py", line 464, in send
    urllib_response = conn.urlopen(
                      ^^^^^^^^^^^^^
  File "/home/airflow/.local/lib/python3.12/site-packages/urllib3/connectionpool.py", line 845, in urlopen
    retries = retries.increment(
              ^^^^^^^^^^^^^^^^^^
  File "/home/airflow/.local/lib/python3.12/site-packages/urllib3/util/retry.py", line 445, in increment
    raise reraise(type(error), error, _stacktrace)
          ^^^^^^^^^^^^^^^^^^^^^^^^^^^^^^^^^^^^^^^^
  File "/home/airflow/.local/lib/python3.12/site-packages/urllib3/util/util.py", line 39, in reraise
    raise value
  File "/home/airflow/.local/lib/python3.12/site-packages/urllib3/connectionpool.py", line 791, in urlopen
    response = self._make_request(
               ^^^^^^^^^^^^^^^^^^^
  File "/home/airflow/.local/lib/python3.12/site-packages/urllib3/connectionpool.py", line 492, in _make_request
    raise new_e
urllib3.exceptions.SSLError: hostname 'test-for-etl-proj.s3.s3.amazonaws.com' doesn't match either of 's3.amazonaws.com', '*.s3.amazonaws.com', '*.s3-accesspoint.us-east-1.amazonaws.com', '*.s3-control.us-east-1.amazonaws.com', 's3.dualstack.us-east-1.amazonaws.com', '*.s3-deprecated.us-east-1.amazonaws.com', 's3-control.dualstack.us-east-1.amazonaws.com', '*.s3-external-2.amazonaws.com', 's3.us-east-1.amazonaws.com', '*.s3-accesspoint.dualstack.us-east-1.amazonaws.com', '*.s3.us-east-1.amazonaws.com', '*.s3-external-1.amazonaws.com', '*.s3.dualstack.us-east-1.amazonaws.com', 's3-external-2.amazonaws.com', 's3-control.us-east-1.amazonaws.com', 's3-external-1.amazonaws.com', 's3-deprecated.us-east-1.amazonaws.com', '*.s3-control.dualstack.us-east-1.amazonaws.com'

During handling of the above exception, another exception occurred:

Traceback (most recent call last):
  File "/home/airflow/.local/lib/python3.12/site-packages/airflow/models/taskinstance.py", line 465, in _execute_task
    result = _execute_callable(context=context, **execute_callable_kwargs)
             ^^^^^^^^^^^^^^^^^^^^^^^^^^^^^^^^^^^^^^^^^^^^^^^^^^^^^^^^^^^^^
  File "/home/airflow/.local/lib/python3.12/site-packages/airflow/models/taskinstance.py", line 432, in _execute_callable
    return execute_callable(context=context, **execute_callable_kwargs)
           ^^^^^^^^^^^^^^^^^^^^^^^^^^^^^^^^^^^^^^^^^^^^^^^^^^^^^^^^^^^^
  File "/home/airflow/.local/lib/python3.12/site-packages/airflow/models/baseoperator.py", line 401, in wrapper
    return func(self, *args, **kwargs)
           ^^^^^^^^^^^^^^^^^^^^^^^^^^^
  File "/home/airflow/.local/lib/python3.12/site-packages/airflow/operators/python.py", line 235, in execute
    return_value = self.execute_callable()
                   ^^^^^^^^^^^^^^^^^^^^^^^
  File "/home/airflow/.local/lib/python3.12/site-packages/airflow/operators/python.py", line 252, in execute_callable
    return self.python_callable(*self.op_args, **self.op_kwargs)
           ^^^^^^^^^^^^^^^^^^^^^^^^^^^^^^^^^^^^^^^^^^^^^^^^^^^^^
  File "/opt/airflow/dags/api_to_s3.py", line 37, in extract_and_upload
    s3_client.put_object(
  File "/home/airflow/.local/lib/python3.12/site-packages/botocore/client.py", line 565, in _api_call
    return self._make_api_call(operation_name, kwargs)
           ^^^^^^^^^^^^^^^^^^^^^^^^^^^^^^^^^^^^^^^^^^^
  File "/home/airflow/.local/lib/python3.12/site-packages/botocore/client.py", line 1001, in _make_api_call
    http, parsed_response = self._make_request(
                            ^^^^^^^^^^^^^^^^^^^
  File "/home/airflow/.local/lib/python3.12/site-packages/botocore/client.py", line 1027, in _make_request
    return self._endpoint.make_request(operation_model, request_dict)
           ^^^^^^^^^^^^^^^^^^^^^^^^^^^^^^^^^^^^^^^^^^^^^^^^^^^^^^^^^^
  File "/home/airflow/.local/lib/python3.12/site-packages/botocore/endpoint.py", line 119, in make_request
    return self._send_request(request_dict, operation_model)
           ^^^^^^^^^^^^^^^^^^^^^^^^^^^^^^^^^^^^^^^^^^^^^^^^^
  File "/home/airflow/.local/lib/python3.12/site-packages/botocore/endpoint.py", line 202, in _send_request
    while self._needs_retry(
          ^^^^^^^^^^^^^^^^^^
  File "/home/airflow/.local/lib/python3.12/site-packages/botocore/endpoint.py", line 354, in _needs_retry
    responses = self._event_emitter.emit(
                ^^^^^^^^^^^^^^^^^^^^^^^^^
  File "/home/airflow/.local/lib/python3.12/site-packages/botocore/hooks.py", line 412, in emit
    return self._emitter.emit(aliased_event_name, **kwargs)
           ^^^^^^^^^^^^^^^^^^^^^^^^^^^^^^^^^^^^^^^^^^^^^^^^
  File "/home/airflow/.local/lib/python3.12/site-packages/botocore/hooks.py", line 256, in emit
    return self._emit(event_name, kwargs)
           ^^^^^^^^^^^^^^^^^^^^^^^^^^^^^^
  File "/home/airflow/.local/lib/python3.12/site-packages/botocore/hooks.py", line 239, in _emit
    response = handler(**kwargs)
               ^^^^^^^^^^^^^^^^^
  File "/home/airflow/.local/lib/python3.12/site-packages/botocore/retryhandler.py", line 207, in __call__
    if self._checker(**checker_kwargs):
       ^^^^^^^^^^^^^^^^^^^^^^^^^^^^^^^
  File "/home/airflow/.local/lib/python3.12/site-packages/botocore/retryhandler.py", line 284, in __call__
    should_retry = self._should_retry(
                   ^^^^^^^^^^^^^^^^^^^
  File "/home/airflow/.local/lib/python3.12/site-packages/botocore/retryhandler.py", line 320, in _should_retry
    return self._checker(attempt_number, response, caught_exception)
           ^^^^^^^^^^^^^^^^^^^^^^^^^^^^^^^^^^^^^^^^^^^^^^^^^^^^^^^^^
  File "/home/airflow/.local/lib/python3.12/site-packages/botocore/retryhandler.py", line 363, in __call__
    checker_response = checker(
                       ^^^^^^^^
  File "/home/airflow/.local/lib/python3.12/site-packages/botocore/retryhandler.py", line 247, in __call__
    return self._check_caught_exception(
           ^^^^^^^^^^^^^^^^^^^^^^^^^^^^^
  File "/home/airflow/.local/lib/python3.12/site-packages/botocore/retryhandler.py", line 416, in _check_caught_exception
    raise caught_exception
  File "/home/airflow/.local/lib/python3.12/site-packages/botocore/endpoint.py", line 281, in _do_get_response
    http_response = self._send(request)
                    ^^^^^^^^^^^^^^^^^^^
  File "/home/airflow/.local/lib/python3.12/site-packages/botocore/endpoint.py", line 377, in _send
    return self.http_session.send(request)
           ^^^^^^^^^^^^^^^^^^^^^^^^^^^^^^^
  File "/home/airflow/.local/lib/python3.12/site-packages/botocore/httpsession.py", line 491, in send
    raise SSLError(endpoint_url=request.url, error=e)
botocore.exceptions.SSLError: SSL validation failed for https://test-for-etl-proj.s3.s3.amazonaws.com/raw/api/crypto_prices_20260128_033206.json hostname 'test-for-etl-proj.s3.s3.amazonaws.com' doesn't match either of 's3.amazonaws.com', '*.s3.amazonaws.com', '*.s3-accesspoint.us-east-1.amazonaws.com', '*.s3-control.us-east-1.amazonaws.com', 's3.dualstack.us-east-1.amazonaws.com', '*.s3-deprecated.us-east-1.amazonaws.com', 's3-control.dualstack.us-east-1.amazonaws.com', '*.s3-external-2.amazonaws.com', 's3.us-east-1.amazonaws.com', '*.s3-accesspoint.dualstack.us-east-1.amazonaws.com', '*.s3.us-east-1.amazonaws.com', '*.s3-external-1.amazonaws.com', '*.s3.dualstack.us-east-1.amazonaws.com', 's3-external-2.amazonaws.com', 's3-control.us-east-1.amazonaws.com', 's3-external-1.amazonaws.com', 's3-deprecated.us-east-1.amazonaws.com', '*.s3-control.dualstack.us-east-1.amazonaws.com'
[2026-01-28T03:32:19.972+0000] {taskinstance.py:1206} INFO - Marking task as FAILED. dag_id=api_to_s3_crypto, task_id=extract_api_and_upload_to_s3, run_id=manual__2026-01-28T03:32:05.129224+00:00, execution_date=20260128T033205, start_date=20260128T033206, end_date=20260128T033219
[2026-01-28T03:32:19.981+0000] {standard_task_runner.py:110} ERROR - Failed to execute job 7 for task extract_api_and_upload_to_s3 (SSL validation failed for https://test-for-etl-proj.s3.s3.amazonaws.com/raw/api/crypto_prices_20260128_033206.json hostname 'test-for-etl-proj.s3.s3.amazonaws.com' doesn't match either of 's3.amazonaws.com', '*.s3.amazonaws.com', '*.s3-accesspoint.us-east-1.amazonaws.com', '*.s3-control.us-east-1.amazonaws.com', 's3.dualstack.us-east-1.amazonaws.com', '*.s3-deprecated.us-east-1.amazonaws.com', 's3-control.dualstack.us-east-1.amazonaws.com', '*.s3-external-2.amazonaws.com', 's3.us-east-1.amazonaws.com', '*.s3-accesspoint.dualstack.us-east-1.amazonaws.com', '*.s3.us-east-1.amazonaws.com', '*.s3-external-1.amazonaws.com', '*.s3.dualstack.us-east-1.amazonaws.com', 's3-external-2.amazonaws.com', 's3-control.us-east-1.amazonaws.com', 's3-external-1.amazonaws.com', 's3-deprecated.us-east-1.amazonaws.com', '*.s3-control.dualstack.us-east-1.amazonaws.com'; 222)
[2026-01-28T03:32:20.033+0000] {local_task_job_runner.py:243} INFO - Task exited with return code 1
[2026-01-28T03:32:20.045+0000] {taskinstance.py:3503} INFO - 0 downstream tasks scheduled from follow-on schedule check
[2026-01-28T03:32:20.047+0000] {local_task_job_runner.py:222} INFO - ::endgroup::
