[2026-01-30T06:16:01.699+0000] {local_task_job_runner.py:120} INFO - ::group::Pre task execution logs
[2026-01-30T06:16:01.712+0000] {taskinstance.py:2076} INFO - Dependencies all met for dep_context=non-requeueable deps ti=<TaskInstance: api_to_s3_crypto.extract_api_and_upload_to_s3 scheduled__2026-01-30T06:14:00+00:00 [queued]>
[2026-01-30T06:16:01.717+0000] {taskinstance.py:2076} INFO - Dependencies all met for dep_context=requeueable deps ti=<TaskInstance: api_to_s3_crypto.extract_api_and_upload_to_s3 scheduled__2026-01-30T06:14:00+00:00 [queued]>
[2026-01-30T06:16:01.718+0000] {taskinstance.py:2306} INFO - Starting attempt 1 of 1
[2026-01-30T06:16:01.726+0000] {taskinstance.py:2330} INFO - Executing <Task(PythonOperator): extract_api_and_upload_to_s3> on 2026-01-30 06:14:00+00:00
[2026-01-30T06:16:01.734+0000] {logging_mixin.py:188} WARNING - /home/***/.local/lib/python3.12/site-packages/***/task/task_runner/standard_task_runner.py:62 DeprecationWarning: This process (pid=3388) is multi-threaded, use of fork() may lead to deadlocks in the child.
[2026-01-30T06:16:01.736+0000] {standard_task_runner.py:64} INFO - Started process 3391 to run task
[2026-01-30T06:16:01.735+0000] {standard_task_runner.py:90} INFO - Running: ['***', 'tasks', 'run', 'api_to_s3_crypto', 'extract_api_and_upload_to_s3', 'scheduled__2026-01-30T06:14:00+00:00', '--job-id', '126', '--raw', '--subdir', 'DAGS_FOLDER/api_to_s3.py', '--cfg-path', '/tmp/tmpjgajma33']
[2026-01-30T06:16:01.737+0000] {standard_task_runner.py:91} INFO - Job 126: Subtask extract_api_and_upload_to_s3
[2026-01-30T06:16:01.792+0000] {task_command.py:426} INFO - Running <TaskInstance: api_to_s3_crypto.extract_api_and_upload_to_s3 scheduled__2026-01-30T06:14:00+00:00 [running]> on host 873606956bc0
[2026-01-30T06:16:01.859+0000] {taskinstance.py:2648} INFO - Exporting env vars: AIRFLOW_CTX_DAG_OWNER='***' AIRFLOW_CTX_DAG_ID='api_to_s3_crypto' AIRFLOW_CTX_TASK_ID='extract_api_and_upload_to_s3' AIRFLOW_CTX_EXECUTION_DATE='2026-01-30T06:14:00+00:00' AIRFLOW_CTX_TRY_NUMBER='1' AIRFLOW_CTX_DAG_RUN_ID='scheduled__2026-01-30T06:14:00+00:00'
[2026-01-30T06:16:01.860+0000] {taskinstance.py:430} INFO - ::endgroup::
[2026-01-30T06:16:01.956+0000] {base.py:84} INFO - Using connection ID 'aws_default' for task execution.
[2026-01-30T06:16:01.956+0000] {connection_wrapper.py:384} INFO - AWS Connection (conn_id='aws_default', conn_type='aws') credentials retrieved from login and password.
[2026-01-30T06:16:02.517+0000] {python.py:237} INFO - Done. Returned value was: None
[2026-01-30T06:16:02.518+0000] {taskinstance.py:441} INFO - ::group::Post task execution logs
[2026-01-30T06:16:02.527+0000] {taskinstance.py:1206} INFO - Marking task as SUCCESS. dag_id=api_to_s3_crypto, task_id=extract_api_and_upload_to_s3, run_id=scheduled__2026-01-30T06:14:00+00:00, execution_date=20260130T061400, start_date=20260130T061601, end_date=20260130T061602
[2026-01-30T06:16:02.553+0000] {local_task_job_runner.py:243} INFO - Task exited with return code 0
[2026-01-30T06:16:02.564+0000] {logging_mixin.py:188} WARNING - /home/***/.local/lib/python3.12/site-packages/***/models/baseoperator.py:1297 AirflowProviderDeprecationWarning: Call to deprecated class SnowflakeOperator. (This class is deprecated. Please use `***.providers.common.sql.operators.sql.SQLExecuteQueryOperator`. Also, you can provide `hook_params={'warehouse': <warehouse>, 'database': <database>, 'role': <role>, 'schema': <schema>, 'authenticator': <authenticator>,'session_parameters': <session_parameters>}`.)
[2026-01-30T06:16:02.570+0000] {taskinstance.py:3503} INFO - 1 downstream tasks scheduled from follow-on schedule check
[2026-01-30T06:16:02.572+0000] {local_task_job_runner.py:222} INFO - ::endgroup::
