[2026-01-30T05:26:04.010+0000] {local_task_job_runner.py:120} INFO - ::group::Pre task execution logs
[2026-01-30T05:26:04.027+0000] {taskinstance.py:2076} INFO - Dependencies all met for dep_context=non-requeueable deps ti=<TaskInstance: api_to_s3_crypto.extract_api_and_upload_to_s3 scheduled__2026-01-30T05:24:00+00:00 [queued]>
[2026-01-30T05:26:04.034+0000] {taskinstance.py:2076} INFO - Dependencies all met for dep_context=requeueable deps ti=<TaskInstance: api_to_s3_crypto.extract_api_and_upload_to_s3 scheduled__2026-01-30T05:24:00+00:00 [queued]>
[2026-01-30T05:26:04.035+0000] {taskinstance.py:2306} INFO - Starting attempt 1 of 1
[2026-01-30T05:26:04.047+0000] {taskinstance.py:2330} INFO - Executing <Task(PythonOperator): extract_api_and_upload_to_s3> on 2026-01-30 05:24:00+00:00
[2026-01-30T05:26:04.061+0000] {logging_mixin.py:188} WARNING - /home/***/.local/lib/python3.12/site-packages/***/task/task_runner/standard_task_runner.py:62 DeprecationWarning: This process (pid=2646) is multi-threaded, use of fork() may lead to deadlocks in the child.
[2026-01-30T05:26:04.063+0000] {standard_task_runner.py:64} INFO - Started process 2649 to run task
[2026-01-30T05:26:04.061+0000] {standard_task_runner.py:90} INFO - Running: ['***', 'tasks', 'run', 'api_to_s3_crypto', 'extract_api_and_upload_to_s3', 'scheduled__2026-01-30T05:24:00+00:00', '--job-id', '68', '--raw', '--subdir', 'DAGS_FOLDER/api_to_s3.py', '--cfg-path', '/tmp/tmpljy4is3a']
[2026-01-30T05:26:04.064+0000] {standard_task_runner.py:91} INFO - Job 68: Subtask extract_api_and_upload_to_s3
[2026-01-30T05:26:04.140+0000] {task_command.py:426} INFO - Running <TaskInstance: api_to_s3_crypto.extract_api_and_upload_to_s3 scheduled__2026-01-30T05:24:00+00:00 [running]> on host 873606956bc0
[2026-01-30T05:26:04.234+0000] {taskinstance.py:2648} INFO - Exporting env vars: AIRFLOW_CTX_DAG_OWNER='***' AIRFLOW_CTX_DAG_ID='api_to_s3_crypto' AIRFLOW_CTX_TASK_ID='extract_api_and_upload_to_s3' AIRFLOW_CTX_EXECUTION_DATE='2026-01-30T05:24:00+00:00' AIRFLOW_CTX_TRY_NUMBER='1' AIRFLOW_CTX_DAG_RUN_ID='scheduled__2026-01-30T05:24:00+00:00'
[2026-01-30T05:26:04.236+0000] {taskinstance.py:430} INFO - ::endgroup::
[2026-01-30T05:26:04.563+0000] {base.py:84} INFO - Using connection ID 'aws_default' for task execution.
[2026-01-30T05:26:04.564+0000] {connection_wrapper.py:384} INFO - AWS Connection (conn_id='aws_default', conn_type='aws') credentials retrieved from login and password.
[2026-01-30T05:26:05.760+0000] {python.py:237} INFO - Done. Returned value was: None
[2026-01-30T05:26:05.761+0000] {taskinstance.py:441} INFO - ::group::Post task execution logs
[2026-01-30T05:26:05.775+0000] {taskinstance.py:1206} INFO - Marking task as SUCCESS. dag_id=api_to_s3_crypto, task_id=extract_api_and_upload_to_s3, run_id=scheduled__2026-01-30T05:24:00+00:00, execution_date=20260130T052400, start_date=20260130T052604, end_date=20260130T052605
[2026-01-30T05:26:05.813+0000] {local_task_job_runner.py:243} INFO - Task exited with return code 0
[2026-01-30T05:26:05.830+0000] {logging_mixin.py:188} WARNING - /home/***/.local/lib/python3.12/site-packages/***/models/baseoperator.py:1297 AirflowProviderDeprecationWarning: Call to deprecated class SnowflakeOperator. (This class is deprecated. Please use `***.providers.common.sql.operators.sql.SQLExecuteQueryOperator`. Also, you can provide `hook_params={'warehouse': <warehouse>, 'database': <database>, 'role': <role>, 'schema': <schema>, 'authenticator': <authenticator>,'session_parameters': <session_parameters>}`.)
[2026-01-30T05:26:05.840+0000] {taskinstance.py:3503} INFO - 1 downstream tasks scheduled from follow-on schedule check
[2026-01-30T05:26:05.843+0000] {local_task_job_runner.py:222} INFO - ::endgroup::
