[2026-01-28T03:38:02.347+0000] {local_task_job_runner.py:120} INFO - ::group::Pre task execution logs
[2026-01-28T03:38:02.362+0000] {taskinstance.py:2076} INFO - Dependencies all met for dep_context=non-requeueable deps ti=<TaskInstance: api_to_s3_crypto.extract_api_and_upload_to_s3 manual__2026-01-28T03:38:01.669254+00:00 [queued]>
[2026-01-28T03:38:02.369+0000] {taskinstance.py:2076} INFO - Dependencies all met for dep_context=requeueable deps ti=<TaskInstance: api_to_s3_crypto.extract_api_and_upload_to_s3 manual__2026-01-28T03:38:01.669254+00:00 [queued]>
[2026-01-28T03:38:02.370+0000] {taskinstance.py:2306} INFO - Starting attempt 1 of 1
[2026-01-28T03:38:02.380+0000] {taskinstance.py:2330} INFO - Executing <Task(PythonOperator): extract_api_and_upload_to_s3> on 2026-01-28 03:38:01.669254+00:00
[2026-01-28T03:38:02.389+0000] {logging_mixin.py:188} WARNING - /home/***/.local/lib/python3.12/site-packages/***/task/task_runner/standard_task_runner.py:62 DeprecationWarning: This process (pid=202) is multi-threaded, use of fork() may lead to deadlocks in the child.
[2026-01-28T03:38:02.387+0000] {standard_task_runner.py:90} INFO - Running: ['***', 'tasks', 'run', 'api_to_s3_crypto', 'extract_api_and_upload_to_s3', 'manual__2026-01-28T03:38:01.669254+00:00', '--job-id', '9', '--raw', '--subdir', 'DAGS_FOLDER/api_to_s3.py', '--cfg-path', '/tmp/tmpbblafd46']
[2026-01-28T03:38:02.390+0000] {standard_task_runner.py:64} INFO - Started process 203 to run task
[2026-01-28T03:38:02.390+0000] {standard_task_runner.py:91} INFO - Job 9: Subtask extract_api_and_upload_to_s3
[2026-01-28T03:38:02.453+0000] {task_command.py:426} INFO - Running <TaskInstance: api_to_s3_crypto.extract_api_and_upload_to_s3 manual__2026-01-28T03:38:01.669254+00:00 [running]> on host 76d9f7975eee
[2026-01-28T03:38:02.539+0000] {taskinstance.py:2648} INFO - Exporting env vars: AIRFLOW_CTX_DAG_OWNER='***' AIRFLOW_CTX_DAG_ID='api_to_s3_crypto' AIRFLOW_CTX_TASK_ID='extract_api_and_upload_to_s3' AIRFLOW_CTX_EXECUTION_DATE='2026-01-28T03:38:01.669254+00:00' AIRFLOW_CTX_TRY_NUMBER='1' AIRFLOW_CTX_DAG_RUN_ID='manual__2026-01-28T03:38:01.669254+00:00'
[2026-01-28T03:38:02.540+0000] {taskinstance.py:430} INFO - ::endgroup::
[2026-01-28T03:38:02.739+0000] {base.py:84} INFO - Using connection ID 'aws_default' for task execution.
[2026-01-28T03:38:02.740+0000] {connection_wrapper.py:384} INFO - AWS Connection (conn_id='aws_default', conn_type='aws') credentials retrieved from login and password.
[2026-01-28T03:38:03.365+0000] {python.py:237} INFO - Done. Returned value was: None
[2026-01-28T03:38:03.366+0000] {taskinstance.py:441} INFO - ::group::Post task execution logs
[2026-01-28T03:38:03.376+0000] {taskinstance.py:1206} INFO - Marking task as SUCCESS. dag_id=api_to_s3_crypto, task_id=extract_api_and_upload_to_s3, run_id=manual__2026-01-28T03:38:01.669254+00:00, execution_date=20260128T033801, start_date=20260128T033802, end_date=20260128T033803
[2026-01-28T03:38:03.407+0000] {local_task_job_runner.py:243} INFO - Task exited with return code 0
[2026-01-28T03:38:03.425+0000] {taskinstance.py:3503} INFO - 0 downstream tasks scheduled from follow-on schedule check
[2026-01-28T03:38:03.427+0000] {local_task_job_runner.py:222} INFO - ::endgroup::
