[2026-01-30T04:35:39.449+0000] {local_task_job_runner.py:120} INFO - ::group::Pre task execution logs
[2026-01-30T04:35:39.465+0000] {taskinstance.py:2076} INFO - Dependencies all met for dep_context=non-requeueable deps ti=<TaskInstance: api_to_s3_crypto.extract_api_and_upload_to_s3 manual__2026-01-30T04:35:36.955478+00:00 [queued]>
[2026-01-30T04:35:39.474+0000] {taskinstance.py:2076} INFO - Dependencies all met for dep_context=requeueable deps ti=<TaskInstance: api_to_s3_crypto.extract_api_and_upload_to_s3 manual__2026-01-30T04:35:36.955478+00:00 [queued]>
[2026-01-30T04:35:39.475+0000] {taskinstance.py:2306} INFO - Starting attempt 1 of 1
[2026-01-30T04:35:39.484+0000] {taskinstance.py:2330} INFO - Executing <Task(PythonOperator): extract_api_and_upload_to_s3> on 2026-01-30 04:35:36.955478+00:00
[2026-01-30T04:35:39.495+0000] {logging_mixin.py:188} WARNING - /home/***/.local/lib/python3.12/site-packages/***/task/task_runner/standard_task_runner.py:62 DeprecationWarning: This process (pid=2109) is multi-threaded, use of fork() may lead to deadlocks in the child.
[2026-01-30T04:35:39.497+0000] {standard_task_runner.py:64} INFO - Started process 2112 to run task
[2026-01-30T04:35:39.496+0000] {standard_task_runner.py:90} INFO - Running: ['***', 'tasks', 'run', 'api_to_s3_crypto', 'extract_api_and_upload_to_s3', 'manual__2026-01-30T04:35:36.955478+00:00', '--job-id', '60', '--raw', '--subdir', 'DAGS_FOLDER/api_to_s3.py', '--cfg-path', '/tmp/tmp3r34llpl']
[2026-01-30T04:35:39.499+0000] {standard_task_runner.py:91} INFO - Job 60: Subtask extract_api_and_upload_to_s3
[2026-01-30T04:35:39.568+0000] {task_command.py:426} INFO - Running <TaskInstance: api_to_s3_crypto.extract_api_and_upload_to_s3 manual__2026-01-30T04:35:36.955478+00:00 [running]> on host 873606956bc0
[2026-01-30T04:35:39.650+0000] {taskinstance.py:2648} INFO - Exporting env vars: AIRFLOW_CTX_DAG_OWNER='***' AIRFLOW_CTX_DAG_ID='api_to_s3_crypto' AIRFLOW_CTX_TASK_ID='extract_api_and_upload_to_s3' AIRFLOW_CTX_EXECUTION_DATE='2026-01-30T04:35:36.955478+00:00' AIRFLOW_CTX_TRY_NUMBER='1' AIRFLOW_CTX_DAG_RUN_ID='manual__2026-01-30T04:35:36.955478+00:00'
[2026-01-30T04:35:39.652+0000] {taskinstance.py:430} INFO - ::endgroup::
[2026-01-30T04:35:39.824+0000] {base.py:84} INFO - Using connection ID 'aws_default' for task execution.
[2026-01-30T04:35:39.826+0000] {connection_wrapper.py:384} INFO - AWS Connection (conn_id='aws_default', conn_type='aws') credentials retrieved from login and password.
[2026-01-30T04:35:40.391+0000] {python.py:237} INFO - Done. Returned value was: None
[2026-01-30T04:35:40.392+0000] {taskinstance.py:441} INFO - ::group::Post task execution logs
[2026-01-30T04:35:40.402+0000] {taskinstance.py:1206} INFO - Marking task as SUCCESS. dag_id=api_to_s3_crypto, task_id=extract_api_and_upload_to_s3, run_id=manual__2026-01-30T04:35:36.955478+00:00, execution_date=20260130T043536, start_date=20260130T043539, end_date=20260130T043540
[2026-01-30T04:35:40.434+0000] {local_task_job_runner.py:243} INFO - Task exited with return code 0
[2026-01-30T04:35:40.445+0000] {logging_mixin.py:188} WARNING - /home/***/.local/lib/python3.12/site-packages/***/models/baseoperator.py:1297 AirflowProviderDeprecationWarning: Call to deprecated class SnowflakeOperator. (This class is deprecated. Please use `***.providers.common.sql.operators.sql.SQLExecuteQueryOperator`. Also, you can provide `hook_params={'warehouse': <warehouse>, 'database': <database>, 'role': <role>, 'schema': <schema>, 'authenticator': <authenticator>,'session_parameters': <session_parameters>}`.)
[2026-01-30T04:35:40.454+0000] {taskinstance.py:3503} INFO - 1 downstream tasks scheduled from follow-on schedule check
[2026-01-30T04:35:40.455+0000] {local_task_job_runner.py:222} INFO - ::endgroup::
